# JRE version: Java(TM) SE Runtime Environment (17.0.8+9) (build 17.0.8+9-LTS-211)
# Java VM: Java HotSpot(TM) 64-Bit Server VM (17.0.8+9-LTS-211, mixed mode, sharing, tiered, compressed oops, compressed class ptrs, g1 gc, windows-amd64)
GC Precious Log:
 CPUs: 4 total, 4 available
 Memory: 3460M
 Large Page Support: Disabled
 NUMA Support: Disabled
 Compressed Oops: Enabled (32-bit)
 Heap Region Size: 1M
 Heap Min Capacity: 8M
 Heap Initial Capacity: 56M
 Heap Max Capacity: 866M
 Pre-touch: Disabled
 Parallel Workers: 4
 Concurrent Workers: 1
 Concurrent Refinement Workers: 4
 Periodic GC: Disabled
Heap:
 garbage-first heap   total 57344K, used 14537K [0x00000000c9e00000, 0x0000000100000000)
  region size 1024K, 7 young (7168K), 4 survivors (4096K)
 Metaspace       used 20908K, committed 21120K, reserved 1114112K
  class space    used 2341K, committed 2432K, reserved 1048576K
GC Heap History (8 events):
Event: 1.144 GC heap before
{Heap before GC invocations=0 (full 0):
 garbage-first heap   total 57344K, used 16384K [0x00000000c9e00000, 0x0000000100000000)
  region size 1024K, 13 young (13312K), 0 survivors (0K)
 Metaspace       used 4276K, committed 4416K, reserved 1114112K
  class space    used 421K, committed 512K, reserved 1048576K
}
Event: 1.153 GC heap after
{Heap after GC invocations=1 (full 0):
 garbage-first heap   total 57344K, used 8256K [0x00000000c9e00000, 0x0000000100000000)
  region size 1024K, 2 young (2048K), 2 survivors (2048K)
 Metaspace       used 4276K, committed 4416K, reserved 1114112K
  class space    used 421K, committed 512K, reserved 1048576K
}
Event: 1.577 GC heap before
{Heap before GC invocations=1 (full 0):
 garbage-first heap   total 57344K, used 20544K [0x00000000c9e00000, 0x0000000100000000)
  region size 1024K, 14 young (14336K), 2 survivors (2048K)
 Metaspace       used 8627K, committed 8832K, reserved 1114112K
  class space    used 842K, committed 960K, reserved 1048576K
}
Event: 1.581 GC heap after
{Heap after GC invocations=2 (full 0):
 garbage-first heap   total 57344K, used 9487K [0x00000000c9e00000, 0x0000000100000000)
  region size 1024K, 1 young (1024K), 1 survivors (1024K)
 Metaspace       used 8627K, committed 8832K, reserved 1114112K
  class space    used 842K, committed 960K, reserved 1048576K
}
Event: 2.265 GC heap before
{Heap before GC invocations=2 (full 0):
 garbage-first heap   total 57344K, used 27919K [0x00000000c9e00000, 0x0000000100000000)
  region size 1024K, 19 young (19456K), 1 survivors (1024K)
 Metaspace       used 14479K, committed 14720K, reserved 1114112K
  class space    used 1542K, committed 1664K, reserved 1048576K
}
Event: 2.271 GC heap after
{Heap after GC invocations=3 (full 0):
 garbage-first heap   total 57344K, used 10363K [0x00000000c9e00000, 0x0000000100000000)
  region size 1024K, 2 young (2048K), 2 survivors (2048K)
 Metaspace       used 14479K, committed 14720K, reserved 1114112K
  class space    used 1542K, committed 1664K, reserved 1048576K
}
Event: 4.651 GC heap before
{Heap before GC invocations=3 (full 0):
 garbage-first heap   total 57344K, used 39035K [0x00000000c9e00000, 0x0000000100000000)
  region size 1024K, 30 young (30720K), 2 survivors (2048K)
 Metaspace       used 20728K, committed 20992K, reserved 1114112K
  class space    used 2321K, committed 2432K, reserved 1048576K
}
Event: 4.662 GC heap after
{Heap after GC invocations=4 (full 0):
 garbage-first heap   total 57344K, used 12489K [0x00000000c9e00000, 0x0000000100000000)
  region size 1024K, 4 young (4096K), 4 survivors (4096K)
 Metaspace       used 20728K, committed 20992K, reserved 1114112K
  class space    used 2321K, committed 2432K, reserved 1048576K
}

